[18-Feb-2023 12:16:45 UTC] PHP Fatal error:  Uncaught Error: Call to undefined function LvhAtiySis\write_log() in C:\wamp64\www\ticket\wp-content\plugins\lvh-atiy-sis\lvh-atiy-sis.php:66
Stack trace:
#0 C:\wamp64\www\ticket\wp-content\plugins\lvh-atiy-sis\lvh-atiy-sis.php(141): LvhAtiySis\LvhAtiySis_Plugin->__construct()
#1 C:\wamp64\www\ticket\wp-settings.php(447): include_once('C:\\wamp64\\www\\t...')
#2 C:\wamp64\www\ticket\wp-config.php(99): require_once('C:\\wamp64\\www\\t...')
#3 C:\wamp64\www\ticket\wp-load.php(50): require_once('C:\\wamp64\\www\\t...')
#4 C:\wamp64\www\ticket\wp-blog-header.php(13): require_once('C:\\wamp64\\www\\t...')
#5 C:\wamp64\www\ticket\index.php(17): require('C:\\wamp64\\www\\t...')
#6 {main}
  thrown in C:\wamp64\www\ticket\wp-content\plugins\lvh-atiy-sis\lvh-atiy-sis.php on line 66
[18-Feb-2023 12:16:45 UTC] PHP Notice:  Function is_embed was called <strong>incorrectly</strong>. Conditional query tags do not work before the query is run. Before then, they always return false. Please see <a href="https://wordpress.org/support/article/debugging-in-wordpress/">Debugging in WordPress</a> for more information. (This message was added in version 3.1.0.) in C:\wamp64\www\ticket\wp-includes\functions.php on line 5835
[18-Feb-2023 12:16:45 UTC] PHP Stack trace:
[18-Feb-2023 12:16:45 UTC] PHP   1. WP_Fatal_Error_Handler->handle() C:\wamp64\www\ticket\wp-includes\class-wp-fatal-error-handler.php:0
[18-Feb-2023 12:16:45 UTC] PHP   2. WP_Fatal_Error_Handler->display_error_template() C:\wamp64\www\ticket\wp-includes\class-wp-fatal-error-handler.php:58
[18-Feb-2023 12:16:45 UTC] PHP   3. WP_Fatal_Error_Handler->display_default_error_template() C:\wamp64\www\ticket\wp-includes\class-wp-fatal-error-handler.php:154
[18-Feb-2023 12:16:45 UTC] PHP   4. wp_die() C:\wamp64\www\ticket\wp-includes\class-wp-fatal-error-handler.php:239
[18-Feb-2023 12:16:45 UTC] PHP   5. _default_wp_die_handler() C:\wamp64\www\ticket\wp-includes\functions.php:3713
[18-Feb-2023 12:16:45 UTC] PHP   6. wp_robots() C:\wamp64\www\ticket\wp-includes\functions.php:3789
[18-Feb-2023 12:16:45 UTC] PHP   7. apply_filters() C:\wamp64\www\ticket\wp-includes\robots-template.php:32
[18-Feb-2023 12:16:45 UTC] PHP   8. WP_Hook->apply_filters() C:\wamp64\www\ticket\wp-includes\plugin.php:205
[18-Feb-2023 12:16:45 UTC] PHP   9. wp_robots_noindex_embeds() C:\wamp64\www\ticket\wp-includes\class-wp-hook.php:308
[18-Feb-2023 12:16:45 UTC] PHP  10. is_embed() C:\wamp64\www\ticket\wp-includes\robots-template.php:93
[18-Feb-2023 12:16:45 UTC] PHP  11. _doing_it_wrong() C:\wamp64\www\ticket\wp-includes\query.php:881
[18-Feb-2023 12:16:45 UTC] PHP  12. trigger_error() C:\wamp64\www\ticket\wp-includes\functions.php:5835
[18-Feb-2023 12:16:45 UTC] PHP Notice:  Function is_search was called <strong>incorrectly</strong>. Conditional query tags do not work before the query is run. Before then, they always return false. Please see <a href="https://wordpress.org/support/article/debugging-in-wordpress/">Debugging in WordPress</a> for more information. (This message was added in version 3.1.0.) in C:\wamp64\www\ticket\wp-includes\functions.php on line 5835
[18-Feb-2023 12:16:45 UTC] PHP Stack trace:
[18-Feb-2023 12:16:45 UTC] PHP   1. WP_Fatal_Error_Handler->handle() C:\wamp64\www\ticket\wp-includes\class-wp-fatal-error-handler.php:0
[18-Feb-2023 12:16:45 UTC] PHP   2. WP_Fatal_Error_Handler->display_error_template() C:\wamp64\www\ticket\wp-includes\class-wp-fatal-error-handler.php:58
[18-Feb-2023 12:16:45 UTC] PHP   3. WP_Fatal_Error_Handler->display_default_error_template() C:\wamp64\www\ticket\wp-includes\class-wp-fatal-error-handler.php:154
[18-Feb-2023 12:16:45 UTC] PHP   4. wp_die() C:\wamp64\www\ticket\wp-includes\class-wp-fatal-error-handler.php:239
[18-Feb-2023 12:16:45 UTC] PHP   5. _default_wp_die_handler() C:\wamp64\www\ticket\wp-includes\functions.php:3713
[18-Feb-2023 12:16:45 UTC] PHP   6. wp_robots() C:\wamp64\www\ticket\wp-includes\functions.php:3789
[18-Feb-2023 12:16:45 UTC] PHP   7. apply_filters() C:\wamp64\www\ticket\wp-includes\robots-template.php:32
[18-Feb-2023 12:16:45 UTC] PHP   8. WP_Hook->apply_filters() C:\wamp64\www\ticket\wp-includes\plugin.php:205
[18-Feb-2023 12:16:45 UTC] PHP   9. wp_robots_noindex_search() C:\wamp64\www\ticket\wp-includes\class-wp-hook.php:308
[18-Feb-2023 12:16:45 UTC] PHP  10. is_search() C:\wamp64\www\ticket\wp-includes\robots-template.php:119
[18-Feb-2023 12:16:45 UTC] PHP  11. _doing_it_wrong() C:\wamp64\www\ticket\wp-includes\query.php:699
[18-Feb-2023 12:16:45 UTC] PHP  12. trigger_error() C:\wamp64\www\ticket\wp-includes\functions.php:5835
[18-Feb-2023 12:16:45 UTC] PHP Fatal error:  Uncaught Error: Call to undefined function LvhAtiySis\write_log() in C:\wamp64\www\ticket\wp-content\plugins\lvh-atiy-sis\lvh-atiy-sis.php:66
Stack trace:
#0 C:\wamp64\www\ticket\wp-content\plugins\lvh-atiy-sis\lvh-atiy-sis.php(141): LvhAtiySis\LvhAtiySis_Plugin->__construct()
#1 C:\wamp64\www\ticket\wp-settings.php(447): include_once('C:\\wamp64\\www\\t...')
#2 C:\wamp64\www\ticket\wp-config.php(99): require_once('C:\\wamp64\\www\\t...')
#3 C:\wamp64\www\ticket\wp-load.php(50): require_once('C:\\wamp64\\www\\t...')
#4 C:\wamp64\www\ticket\wp-blog-header.php(13): require_once('C:\\wamp64\\www\\t...')
#5 C:\wamp64\www\ticket\index.php(17): require('C:\\wamp64\\www\\t...')
#6 {main}
  thrown in C:\wamp64\www\ticket\wp-content\plugins\lvh-atiy-sis\lvh-atiy-sis.php on line 66
[18-Feb-2023 12:16:45 UTC] PHP Notice:  Function is_embed was called <strong>incorrectly</strong>. Conditional query tags do not work before the query is run. Before then, they always return false. Please see <a href="https://wordpress.org/support/article/debugging-in-wordpress/">Debugging in WordPress</a> for more information. (This message was added in version 3.1.0.) in C:\wamp64\www\ticket\wp-includes\functions.php on line 5835
[18-Feb-2023 12:16:45 UTC] PHP Stack trace:
[18-Feb-2023 12:16:45 UTC] PHP   1. WP_Fatal_Error_Handler->handle() C:\wamp64\www\ticket\wp-includes\class-wp-fatal-error-handler.php:0
[18-Feb-2023 12:16:45 UTC] PHP   2. WP_Fatal_Error_Handler->display_error_template() C:\wamp64\www\ticket\wp-includes\class-wp-fatal-error-handler.php:58
[18-Feb-2023 12:16:45 UTC] PHP   3. WP_Fatal_Error_Handler->display_default_error_template() C:\wamp64\www\ticket\wp-includes\class-wp-fatal-error-handler.php:154
[18-Feb-2023 12:16:45 UTC] PHP   4. wp_die() C:\wamp64\www\ticket\wp-includes\class-wp-fatal-error-handler.php:239
[18-Feb-2023 12:16:45 UTC] PHP   5. _default_wp_die_handler() C:\wamp64\www\ticket\wp-includes\functions.php:3713
[18-Feb-2023 12:16:45 UTC] PHP   6. wp_robots() C:\wamp64\www\ticket\wp-includes\functions.php:3789
[18-Feb-2023 12:16:45 UTC] PHP   7. apply_filters() C:\wamp64\www\ticket\wp-includes\robots-template.php:32
[18-Feb-2023 12:16:45 UTC] PHP   8. WP_Hook->apply_filters() C:\wamp64\www\ticket\wp-includes\plugin.php:205
[18-Feb-2023 12:16:45 UTC] PHP   9. wp_robots_noindex_embeds() C:\wamp64\www\ticket\wp-includes\class-wp-hook.php:308
[18-Feb-2023 12:16:45 UTC] PHP  10. is_embed() C:\wamp64\www\ticket\wp-includes\robots-template.php:93
[18-Feb-2023 12:16:45 UTC] PHP  11. _doing_it_wrong() C:\wamp64\www\ticket\wp-includes\query.php:881
[18-Feb-2023 12:16:45 UTC] PHP  12. trigger_error() C:\wamp64\www\ticket\wp-includes\functions.php:5835
[18-Feb-2023 12:16:45 UTC] PHP Notice:  Function is_search was called <strong>incorrectly</strong>. Conditional query tags do not work before the query is run. Before then, they always return false. Please see <a href="https://wordpress.org/support/article/debugging-in-wordpress/">Debugging in WordPress</a> for more information. (This message was added in version 3.1.0.) in C:\wamp64\www\ticket\wp-includes\functions.php on line 5835
[18-Feb-2023 12:16:45 UTC] PHP Stack trace:
[18-Feb-2023 12:16:45 UTC] PHP   1. WP_Fatal_Error_Handler->handle() C:\wamp64\www\ticket\wp-includes\class-wp-fatal-error-handler.php:0
[18-Feb-2023 12:16:45 UTC] PHP   2. WP_Fatal_Error_Handler->display_error_template() C:\wamp64\www\ticket\wp-includes\class-wp-fatal-error-handler.php:58
[18-Feb-2023 12:16:45 UTC] PHP   3. WP_Fatal_Error_Handler->display_default_error_template() C:\wamp64\www\ticket\wp-includes\class-wp-fatal-error-handler.php:154
[18-Feb-2023 12:16:45 UTC] PHP   4. wp_die() C:\wamp64\www\ticket\wp-includes\class-wp-fatal-error-handler.php:239
[18-Feb-2023 12:16:45 UTC] PHP   5. _default_wp_die_handler() C:\wamp64\www\ticket\wp-includes\functions.php:3713
[18-Feb-2023 12:16:45 UTC] PHP   6. wp_robots() C:\wamp64\www\ticket\wp-includes\functions.php:3789
[18-Feb-2023 12:16:45 UTC] PHP   7. apply_filters() C:\wamp64\www\ticket\wp-includes\robots-template.php:32
[18-Feb-2023 12:16:45 UTC] PHP   8. WP_Hook->apply_filters() C:\wamp64\www\ticket\wp-includes\plugin.php:205
[18-Feb-2023 12:16:45 UTC] PHP   9. wp_robots_noindex_search() C:\wamp64\www\ticket\wp-includes\class-wp-hook.php:308
[18-Feb-2023 12:16:45 UTC] PHP  10. is_search() C:\wamp64\www\ticket\wp-includes\robots-template.php:119
[18-Feb-2023 12:16:45 UTC] PHP  11. _doing_it_wrong() C:\wamp64\www\ticket\wp-includes\query.php:699
[18-Feb-2023 12:16:45 UTC] PHP  12. trigger_error() C:\wamp64\www\ticket\wp-includes\functions.php:5835
[18-Feb-2023 12:17:14 UTC] PHP Fatal error:  Uncaught Error: Call to undefined function LvhAtiySis\write_log() in C:\wamp64\www\ticket\wp-content\plugins\lvh-atiy-sis\lvh-atiy-sis.php:66
Stack trace:
#0 C:\wamp64\www\ticket\wp-content\plugins\lvh-atiy-sis\lvh-atiy-sis.php(141): LvhAtiySis\LvhAtiySis_Plugin->__construct()
#1 C:\wamp64\www\ticket\wp-settings.php(447): include_once('C:\\wamp64\\www\\t...')
#2 C:\wamp64\www\ticket\wp-config.php(99): require_once('C:\\wamp64\\www\\t...')
#3 C:\wamp64\www\ticket\wp-load.php(50): require_once('C:\\wamp64\\www\\t...')
#4 C:\wamp64\www\ticket\wp-admin\admin-ajax.php(22): require_once('C:\\wamp64\\www\\t...')
#5 {main}
  thrown in C:\wamp64\www\ticket\wp-content\plugins\lvh-atiy-sis\lvh-atiy-sis.php on line 66
[18-Feb-2023 12:17:34 UTC] 
[18-Feb-2023 12:17:34 UTC] Template
[18-Feb-2023 12:19:54 UTC] PHP Fatal error:  Uncaught Error: Call to undefined function LvhAtiySis\write_log() in C:\wamp64\www\ticket\wp-content\plugins\lvh-atiy-sis\lvh-atiy-sis.php:65
Stack trace:
#0 C:\wamp64\www\ticket\wp-content\plugins\lvh-atiy-sis\lvh-atiy-sis.php(141): LvhAtiySis\LvhAtiySis_Plugin->__construct()
#1 C:\wamp64\www\ticket\wp-settings.php(447): include_once('C:\\wamp64\\www\\t...')
#2 C:\wamp64\www\ticket\wp-config.php(99): require_once('C:\\wamp64\\www\\t...')
#3 C:\wamp64\www\ticket\wp-load.php(50): require_once('C:\\wamp64\\www\\t...')
#4 C:\wamp64\www\ticket\wp-blog-header.php(13): require_once('C:\\wamp64\\www\\t...')
#5 C:\wamp64\www\ticket\index.php(17): require('C:\\wamp64\\www\\t...')
#6 {main}
  thrown in C:\wamp64\www\ticket\wp-content\plugins\lvh-atiy-sis\lvh-atiy-sis.php on line 65
[18-Feb-2023 12:19:54 UTC] PHP Notice:  Function is_embed was called <strong>incorrectly</strong>. Conditional query tags do not work before the query is run. Before then, they always return false. Please see <a href="https://wordpress.org/support/article/debugging-in-wordpress/">Debugging in WordPress</a> for more information. (This message was added in version 3.1.0.) in C:\wamp64\www\ticket\wp-includes\functions.php on line 5835
[18-Feb-2023 12:19:54 UTC] PHP Stack trace:
[18-Feb-2023 12:19:54 UTC] PHP   1. WP_Fatal_Error_Handler->handle() C:\wamp64\www\ticket\wp-includes\class-wp-fatal-error-handler.php:0
[18-Feb-2023 12:19:54 UTC] PHP   2. WP_Fatal_Error_Handler->display_error_template() C:\wamp64\www\ticket\wp-includes\class-wp-fatal-error-handler.php:58
[18-Feb-2023 12:19:54 UTC] PHP   3. WP_Fatal_Error_Handler->display_default_error_template() C:\wamp64\www\ticket\wp-includes\class-wp-fatal-error-handler.php:154
[18-Feb-2023 12:19:54 UTC] PHP   4. wp_die() C:\wamp64\www\ticket\wp-includes\class-wp-fatal-error-handler.php:239
[18-Feb-2023 12:19:54 UTC] PHP   5. _default_wp_die_handler() C:\wamp64\www\ticket\wp-includes\functions.php:3713
[18-Feb-2023 12:19:54 UTC] PHP   6. wp_robots() C:\wamp64\www\ticket\wp-includes\functions.php:3789
[18-Feb-2023 12:19:54 UTC] PHP   7. apply_filters() C:\wamp64\www\ticket\wp-includes\robots-template.php:32
[18-Feb-2023 12:19:54 UTC] PHP   8. WP_Hook->apply_filters() C:\wamp64\www\ticket\wp-includes\plugin.php:205
[18-Feb-2023 12:19:54 UTC] PHP   9. wp_robots_noindex_embeds() C:\wamp64\www\ticket\wp-includes\class-wp-hook.php:308
[18-Feb-2023 12:19:54 UTC] PHP  10. is_embed() C:\wamp64\www\ticket\wp-includes\robots-template.php:93
[18-Feb-2023 12:19:54 UTC] PHP  11. _doing_it_wrong() C:\wamp64\www\ticket\wp-includes\query.php:881
[18-Feb-2023 12:19:54 UTC] PHP  12. trigger_error() C:\wamp64\www\ticket\wp-includes\functions.php:5835
[18-Feb-2023 12:19:54 UTC] PHP Notice:  Function is_search was called <strong>incorrectly</strong>. Conditional query tags do not work before the query is run. Before then, they always return false. Please see <a href="https://wordpress.org/support/article/debugging-in-wordpress/">Debugging in WordPress</a> for more information. (This message was added in version 3.1.0.) in C:\wamp64\www\ticket\wp-includes\functions.php on line 5835
[18-Feb-2023 12:19:54 UTC] PHP Stack trace:
[18-Feb-2023 12:19:54 UTC] PHP   1. WP_Fatal_Error_Handler->handle() C:\wamp64\www\ticket\wp-includes\class-wp-fatal-error-handler.php:0
[18-Feb-2023 12:19:54 UTC] PHP   2. WP_Fatal_Error_Handler->display_error_template() C:\wamp64\www\ticket\wp-includes\class-wp-fatal-error-handler.php:58
[18-Feb-2023 12:19:54 UTC] PHP   3. WP_Fatal_Error_Handler->display_default_error_template() C:\wamp64\www\ticket\wp-includes\class-wp-fatal-error-handler.php:154
[18-Feb-2023 12:19:54 UTC] PHP   4. wp_die() C:\wamp64\www\ticket\wp-includes\class-wp-fatal-error-handler.php:239
[18-Feb-2023 12:19:54 UTC] PHP   5. _default_wp_die_handler() C:\wamp64\www\ticket\wp-includes\functions.php:3713
[18-Feb-2023 12:19:54 UTC] PHP   6. wp_robots() C:\wamp64\www\ticket\wp-includes\functions.php:3789
[18-Feb-2023 12:19:54 UTC] PHP   7. apply_filters() C:\wamp64\www\ticket\wp-includes\robots-template.php:32
[18-Feb-2023 12:19:54 UTC] PHP   8. WP_Hook->apply_filters() C:\wamp64\www\ticket\wp-includes\plugin.php:205
[18-Feb-2023 12:19:54 UTC] PHP   9. wp_robots_noindex_search() C:\wamp64\www\ticket\wp-includes\class-wp-hook.php:308
[18-Feb-2023 12:19:54 UTC] PHP  10. is_search() C:\wamp64\www\ticket\wp-includes\robots-template.php:119
[18-Feb-2023 12:19:54 UTC] PHP  11. _doing_it_wrong() C:\wamp64\www\ticket\wp-includes\query.php:699
[18-Feb-2023 12:19:54 UTC] PHP  12. trigger_error() C:\wamp64\www\ticket\wp-includes\functions.php:5835
[18-Feb-2023 12:19:54 UTC] PHP Fatal error:  Uncaught Error: Call to undefined function LvhAtiySis\write_log() in C:\wamp64\www\ticket\wp-content\plugins\lvh-atiy-sis\lvh-atiy-sis.php:65
Stack trace:
#0 C:\wamp64\www\ticket\wp-content\plugins\lvh-atiy-sis\lvh-atiy-sis.php(141): LvhAtiySis\LvhAtiySis_Plugin->__construct()
#1 C:\wamp64\www\ticket\wp-settings.php(447): include_once('C:\\wamp64\\www\\t...')
#2 C:\wamp64\www\ticket\wp-config.php(99): require_once('C:\\wamp64\\www\\t...')
#3 C:\wamp64\www\ticket\wp-load.php(50): require_once('C:\\wamp64\\www\\t...')
#4 C:\wamp64\www\ticket\wp-blog-header.php(13): require_once('C:\\wamp64\\www\\t...')
#5 C:\wamp64\www\ticket\index.php(17): require('C:\\wamp64\\www\\t...')
#6 {main}
  thrown in C:\wamp64\www\ticket\wp-content\plugins\lvh-atiy-sis\lvh-atiy-sis.php on line 65
[18-Feb-2023 12:19:54 UTC] PHP Notice:  Function is_embed was called <strong>incorrectly</strong>. Conditional query tags do not work before the query is run. Before then, they always return false. Please see <a href="https://wordpress.org/support/article/debugging-in-wordpress/">Debugging in WordPress</a> for more information. (This message was added in version 3.1.0.) in C:\wamp64\www\ticket\wp-includes\functions.php on line 5835
[18-Feb-2023 12:19:54 UTC] PHP Stack trace:
[18-Feb-2023 12:19:54 UTC] PHP   1. WP_Fatal_Error_Handler->handle() C:\wamp64\www\ticket\wp-includes\class-wp-fatal-error-handler.php:0
[18-Feb-2023 12:19:54 UTC] PHP   2. WP_Fatal_Error_Handler->display_error_template() C:\wamp64\www\ticket\wp-includes\class-wp-fatal-error-handler.php:58
[18-Feb-2023 12:19:54 UTC] PHP   3. WP_Fatal_Error_Handler->display_default_error_template() C:\wamp64\www\ticket\wp-includes\class-wp-fatal-error-handler.php:154
[18-Feb-2023 12:19:54 UTC] PHP   4. wp_die() C:\wamp64\www\ticket\wp-includes\class-wp-fatal-error-handler.php:239
[18-Feb-2023 12:19:54 UTC] PHP   5. _default_wp_die_handler() C:\wamp64\www\ticket\wp-includes\functions.php:3713
[18-Feb-2023 12:19:54 UTC] PHP   6. wp_robots() C:\wamp64\www\ticket\wp-includes\functions.php:3789
[18-Feb-2023 12:19:54 UTC] PHP   7. apply_filters() C:\wamp64\www\ticket\wp-includes\robots-template.php:32
[18-Feb-2023 12:19:54 UTC] PHP   8. WP_Hook->apply_filters() C:\wamp64\www\ticket\wp-includes\plugin.php:205
[18-Feb-2023 12:19:54 UTC] PHP   9. wp_robots_noindex_embeds() C:\wamp64\www\ticket\wp-includes\class-wp-hook.php:308
[18-Feb-2023 12:19:54 UTC] PHP  10. is_embed() C:\wamp64\www\ticket\wp-includes\robots-template.php:93
[18-Feb-2023 12:19:54 UTC] PHP  11. _doing_it_wrong() C:\wamp64\www\ticket\wp-includes\query.php:881
[18-Feb-2023 12:19:54 UTC] PHP  12. trigger_error() C:\wamp64\www\ticket\wp-includes\functions.php:5835
[18-Feb-2023 12:19:54 UTC] PHP Notice:  Function is_search was called <strong>incorrectly</strong>. Conditional query tags do not work before the query is run. Before then, they always return false. Please see <a href="https://wordpress.org/support/article/debugging-in-wordpress/">Debugging in WordPress</a> for more information. (This message was added in version 3.1.0.) in C:\wamp64\www\ticket\wp-includes\functions.php on line 5835
[18-Feb-2023 12:19:54 UTC] PHP Stack trace:
[18-Feb-2023 12:19:54 UTC] PHP   1. WP_Fatal_Error_Handler->handle() C:\wamp64\www\ticket\wp-includes\class-wp-fatal-error-handler.php:0
[18-Feb-2023 12:19:54 UTC] PHP   2. WP_Fatal_Error_Handler->display_error_template() C:\wamp64\www\ticket\wp-includes\class-wp-fatal-error-handler.php:58
[18-Feb-2023 12:19:54 UTC] PHP   3. WP_Fatal_Error_Handler->display_default_error_template() C:\wamp64\www\ticket\wp-includes\class-wp-fatal-error-handler.php:154
[18-Feb-2023 12:19:54 UTC] PHP   4. wp_die() C:\wamp64\www\ticket\wp-includes\class-wp-fatal-error-handler.php:239
[18-Feb-2023 12:19:54 UTC] PHP   5. _default_wp_die_handler() C:\wamp64\www\ticket\wp-includes\functions.php:3713
[18-Feb-2023 12:19:54 UTC] PHP   6. wp_robots() C:\wamp64\www\ticket\wp-includes\functions.php:3789
[18-Feb-2023 12:19:54 UTC] PHP   7. apply_filters() C:\wamp64\www\ticket\wp-includes\robots-template.php:32
[18-Feb-2023 12:19:54 UTC] PHP   8. WP_Hook->apply_filters() C:\wamp64\www\ticket\wp-includes\plugin.php:205
[18-Feb-2023 12:19:54 UTC] PHP   9. wp_robots_noindex_search() C:\wamp64\www\ticket\wp-includes\class-wp-hook.php:308
[18-Feb-2023 12:19:54 UTC] PHP  10. is_search() C:\wamp64\www\ticket\wp-includes\robots-template.php:119
[18-Feb-2023 12:19:54 UTC] PHP  11. _doing_it_wrong() C:\wamp64\www\ticket\wp-includes\query.php:699
[18-Feb-2023 12:19:54 UTC] PHP  12. trigger_error() C:\wamp64\www\ticket\wp-includes\functions.php:5835
[18-Feb-2023 12:20:58 UTC] 
[18-Feb-2023 12:20:58 UTC] 
[18-Feb-2023 12:20:58 UTC] Template
[18-Feb-2023 12:22:10 UTC] PHP Fatal error:  Uncaught Error: Call to undefined function LvhAtiySis\write_log() in C:\wamp64\www\ticket\wp-content\plugins\lvh-atiy-sis\lvh-atiy-sis.php:43
Stack trace:
#0 C:\wamp64\www\ticket\wp-settings.php(447): include_once()
#1 C:\wamp64\www\ticket\wp-config.php(99): require_once('C:\\wamp64\\www\\t...')
#2 C:\wamp64\www\ticket\wp-load.php(50): require_once('C:\\wamp64\\www\\t...')
#3 C:\wamp64\www\ticket\wp-blog-header.php(13): require_once('C:\\wamp64\\www\\t...')
#4 C:\wamp64\www\ticket\index.php(17): require('C:\\wamp64\\www\\t...')
#5 {main}
  thrown in C:\wamp64\www\ticket\wp-content\plugins\lvh-atiy-sis\lvh-atiy-sis.php on line 43
[18-Feb-2023 12:22:10 UTC] PHP Notice:  Function is_embed was called <strong>incorrectly</strong>. Conditional query tags do not work before the query is run. Before then, they always return false. Please see <a href="https://wordpress.org/support/article/debugging-in-wordpress/">Debugging in WordPress</a> for more information. (This message was added in version 3.1.0.) in C:\wamp64\www\ticket\wp-includes\functions.php on line 5835
[18-Feb-2023 12:22:10 UTC] PHP Stack trace:
[18-Feb-2023 12:22:10 UTC] PHP   1. WP_Fatal_Error_Handler->handle() C:\wamp64\www\ticket\wp-includes\class-wp-fatal-error-handler.php:0
[18-Feb-2023 12:22:10 UTC] PHP   2. WP_Fatal_Error_Handler->display_error_template() C:\wamp64\www\ticket\wp-includes\class-wp-fatal-error-handler.php:58
[18-Feb-2023 12:22:10 UTC] PHP   3. WP_Fatal_Error_Handler->display_default_error_template() C:\wamp64\www\ticket\wp-includes\class-wp-fatal-error-handler.php:154
[18-Feb-2023 12:22:10 UTC] PHP   4. wp_die() C:\wamp64\www\ticket\wp-includes\class-wp-fatal-error-handler.php:239
[18-Feb-2023 12:22:10 UTC] PHP   5. _default_wp_die_handler() C:\wamp64\www\ticket\wp-includes\functions.php:3713
[18-Feb-2023 12:22:10 UTC] PHP   6. wp_robots() C:\wamp64\www\ticket\wp-includes\functions.php:3789
[18-Feb-2023 12:22:10 UTC] PHP   7. apply_filters() C:\wamp64\www\ticket\wp-includes\robots-template.php:32
[18-Feb-2023 12:22:10 UTC] PHP   8. WP_Hook->apply_filters() C:\wamp64\www\ticket\wp-includes\plugin.php:205
[18-Feb-2023 12:22:10 UTC] PHP   9. wp_robots_noindex_embeds() C:\wamp64\www\ticket\wp-includes\class-wp-hook.php:308
[18-Feb-2023 12:22:10 UTC] PHP  10. is_embed() C:\wamp64\www\ticket\wp-includes\robots-template.php:93
[18-Feb-2023 12:22:10 UTC] PHP  11. _doing_it_wrong() C:\wamp64\www\ticket\wp-includes\query.php:881
[18-Feb-2023 12:22:10 UTC] PHP  12. trigger_error() C:\wamp64\www\ticket\wp-includes\functions.php:5835
[18-Feb-2023 12:22:10 UTC] PHP Notice:  Function is_search was called <strong>incorrectly</strong>. Conditional query tags do not work before the query is run. Before then, they always return false. Please see <a href="https://wordpress.org/support/article/debugging-in-wordpress/">Debugging in WordPress</a> for more information. (This message was added in version 3.1.0.) in C:\wamp64\www\ticket\wp-includes\functions.php on line 5835
[18-Feb-2023 12:22:10 UTC] PHP Stack trace:
[18-Feb-2023 12:22:10 UTC] PHP   1. WP_Fatal_Error_Handler->handle() C:\wamp64\www\ticket\wp-includes\class-wp-fatal-error-handler.php:0
[18-Feb-2023 12:22:10 UTC] PHP   2. WP_Fatal_Error_Handler->display_error_template() C:\wamp64\www\ticket\wp-includes\class-wp-fatal-error-handler.php:58
[18-Feb-2023 12:22:10 UTC] PHP   3. WP_Fatal_Error_Handler->display_default_error_template() C:\wamp64\www\ticket\wp-includes\class-wp-fatal-error-handler.php:154
[18-Feb-2023 12:22:10 UTC] PHP   4. wp_die() C:\wamp64\www\ticket\wp-includes\class-wp-fatal-error-handler.php:239
[18-Feb-2023 12:22:10 UTC] PHP   5. _default_wp_die_handler() C:\wamp64\www\ticket\wp-includes\functions.php:3713
[18-Feb-2023 12:22:10 UTC] PHP   6. wp_robots() C:\wamp64\www\ticket\wp-includes\functions.php:3789
[18-Feb-2023 12:22:10 UTC] PHP   7. apply_filters() C:\wamp64\www\ticket\wp-includes\robots-template.php:32
[18-Feb-2023 12:22:10 UTC] PHP   8. WP_Hook->apply_filters() C:\wamp64\www\ticket\wp-includes\plugin.php:205
[18-Feb-2023 12:22:10 UTC] PHP   9. wp_robots_noindex_search() C:\wamp64\www\ticket\wp-includes\class-wp-hook.php:308
[18-Feb-2023 12:22:10 UTC] PHP  10. is_search() C:\wamp64\www\ticket\wp-includes\robots-template.php:119
[18-Feb-2023 12:22:10 UTC] PHP  11. _doing_it_wrong() C:\wamp64\www\ticket\wp-includes\query.php:699
[18-Feb-2023 12:22:10 UTC] PHP  12. trigger_error() C:\wamp64\www\ticket\wp-includes\functions.php:5835
[18-Feb-2023 12:22:10 UTC] PHP Fatal error:  Uncaught Error: Call to undefined function LvhAtiySis\write_log() in C:\wamp64\www\ticket\wp-content\plugins\lvh-atiy-sis\lvh-atiy-sis.php:43
Stack trace:
#0 C:\wamp64\www\ticket\wp-settings.php(447): include_once()
#1 C:\wamp64\www\ticket\wp-config.php(99): require_once('C:\\wamp64\\www\\t...')
#2 C:\wamp64\www\ticket\wp-load.php(50): require_once('C:\\wamp64\\www\\t...')
#3 C:\wamp64\www\ticket\wp-blog-header.php(13): require_once('C:\\wamp64\\www\\t...')
#4 C:\wamp64\www\ticket\index.php(17): require('C:\\wamp64\\www\\t...')
#5 {main}
  thrown in C:\wamp64\www\ticket\wp-content\plugins\lvh-atiy-sis\lvh-atiy-sis.php on line 43
[18-Feb-2023 12:22:10 UTC] PHP Notice:  Function is_embed was called <strong>incorrectly</strong>. Conditional query tags do not work before the query is run. Before then, they always return false. Please see <a href="https://wordpress.org/support/article/debugging-in-wordpress/">Debugging in WordPress</a> for more information. (This message was added in version 3.1.0.) in C:\wamp64\www\ticket\wp-includes\functions.php on line 5835
[18-Feb-2023 12:22:10 UTC] PHP Stack trace:
[18-Feb-2023 12:22:10 UTC] PHP   1. WP_Fatal_Error_Handler->handle() C:\wamp64\www\ticket\wp-includes\class-wp-fatal-error-handler.php:0
[18-Feb-2023 12:22:10 UTC] PHP   2. WP_Fatal_Error_Handler->display_error_template() C:\wamp64\www\ticket\wp-includes\class-wp-fatal-error-handler.php:58
[18-Feb-2023 12:22:10 UTC] PHP   3. WP_Fatal_Error_Handler->display_default_error_template() C:\wamp64\www\ticket\wp-includes\class-wp-fatal-error-handler.php:154
[18-Feb-2023 12:22:10 UTC] PHP   4. wp_die() C:\wamp64\www\ticket\wp-includes\class-wp-fatal-error-handler.php:239
[18-Feb-2023 12:22:10 UTC] PHP   5. _default_wp_die_handler() C:\wamp64\www\ticket\wp-includes\functions.php:3713
[18-Feb-2023 12:22:10 UTC] PHP   6. wp_robots() C:\wamp64\www\ticket\wp-includes\functions.php:3789
[18-Feb-2023 12:22:10 UTC] PHP   7. apply_filters() C:\wamp64\www\ticket\wp-includes\robots-template.php:32
[18-Feb-2023 12:22:10 UTC] PHP   8. WP_Hook->apply_filters() C:\wamp64\www\ticket\wp-includes\plugin.php:205
[18-Feb-2023 12:22:10 UTC] PHP   9. wp_robots_noindex_embeds() C:\wamp64\www\ticket\wp-includes\class-wp-hook.php:308
[18-Feb-2023 12:22:10 UTC] PHP  10. is_embed() C:\wamp64\www\ticket\wp-includes\robots-template.php:93
[18-Feb-2023 12:22:10 UTC] PHP  11. _doing_it_wrong() C:\wamp64\www\ticket\wp-includes\query.php:881
[18-Feb-2023 12:22:10 UTC] PHP  12. trigger_error() C:\wamp64\www\ticket\wp-includes\functions.php:5835
[18-Feb-2023 12:22:10 UTC] PHP Notice:  Function is_search was called <strong>incorrectly</strong>. Conditional query tags do not work before the query is run. Before then, they always return false. Please see <a href="https://wordpress.org/support/article/debugging-in-wordpress/">Debugging in WordPress</a> for more information. (This message was added in version 3.1.0.) in C:\wamp64\www\ticket\wp-includes\functions.php on line 5835
[18-Feb-2023 12:22:10 UTC] PHP Stack trace:
[18-Feb-2023 12:22:10 UTC] PHP   1. WP_Fatal_Error_Handler->handle() C:\wamp64\www\ticket\wp-includes\class-wp-fatal-error-handler.php:0
[18-Feb-2023 12:22:10 UTC] PHP   2. WP_Fatal_Error_Handler->display_error_template() C:\wamp64\www\ticket\wp-includes\class-wp-fatal-error-handler.php:58
[18-Feb-2023 12:22:10 UTC] PHP   3. WP_Fatal_Error_Handler->display_default_error_template() C:\wamp64\www\ticket\wp-includes\class-wp-fatal-error-handler.php:154
[18-Feb-2023 12:22:10 UTC] PHP   4. wp_die() C:\wamp64\www\ticket\wp-includes\class-wp-fatal-error-handler.php:239
[18-Feb-2023 12:22:10 UTC] PHP   5. _default_wp_die_handler() C:\wamp64\www\ticket\wp-includes\functions.php:3713
[18-Feb-2023 12:22:10 UTC] PHP   6. wp_robots() C:\wamp64\www\ticket\wp-includes\functions.php:3789
[18-Feb-2023 12:22:10 UTC] PHP   7. apply_filters() C:\wamp64\www\ticket\wp-includes\robots-template.php:32
[18-Feb-2023 12:22:10 UTC] PHP   8. WP_Hook->apply_filters() C:\wamp64\www\ticket\wp-includes\plugin.php:205
[18-Feb-2023 12:22:10 UTC] PHP   9. wp_robots_noindex_search() C:\wamp64\www\ticket\wp-includes\class-wp-hook.php:308
[18-Feb-2023 12:22:10 UTC] PHP  10. is_search() C:\wamp64\www\ticket\wp-includes\robots-template.php:119
[18-Feb-2023 12:22:10 UTC] PHP  11. _doing_it_wrong() C:\wamp64\www\ticket\wp-includes\query.php:699
[18-Feb-2023 12:22:10 UTC] PHP  12. trigger_error() C:\wamp64\www\ticket\wp-includes\functions.php:5835
[18-Feb-2023 12:23:22 UTC] PHP Fatal error:  Uncaught Error: Call to undefined function LvhAtiySis\write_log() in C:\wamp64\www\ticket\wp-content\plugins\lvh-atiy-sis\lvh-atiy-sis.php:43
Stack trace:
#0 C:\wamp64\www\ticket\wp-settings.php(447): include_once()
#1 C:\wamp64\www\ticket\wp-config.php(99): require_once('C:\\wamp64\\www\\t...')
#2 C:\wamp64\www\ticket\wp-load.php(50): require_once('C:\\wamp64\\www\\t...')
#3 C:\wamp64\www\ticket\wp-blog-header.php(13): require_once('C:\\wamp64\\www\\t...')
#4 C:\wamp64\www\ticket\index.php(17): require('C:\\wamp64\\www\\t...')
#5 {main}
  thrown in C:\wamp64\www\ticket\wp-content\plugins\lvh-atiy-sis\lvh-atiy-sis.php on line 43
[18-Feb-2023 12:23:22 UTC] PHP Notice:  Function is_embed was called <strong>incorrectly</strong>. Conditional query tags do not work before the query is run. Before then, they always return false. Please see <a href="https://wordpress.org/support/article/debugging-in-wordpress/">Debugging in WordPress</a> for more information. (This message was added in version 3.1.0.) in C:\wamp64\www\ticket\wp-includes\functions.php on line 5835
[18-Feb-2023 12:23:22 UTC] PHP Stack trace:
[18-Feb-2023 12:23:22 UTC] PHP   1. WP_Fatal_Error_Handler->handle() C:\wamp64\www\ticket\wp-includes\class-wp-fatal-error-handler.php:0
[18-Feb-2023 12:23:22 UTC] PHP   2. WP_Fatal_Error_Handler->display_error_template() C:\wamp64\www\ticket\wp-includes\class-wp-fatal-error-handler.php:58
[18-Feb-2023 12:23:22 UTC] PHP   3. WP_Fatal_Error_Handler->display_default_error_template() C:\wamp64\www\ticket\wp-includes\class-wp-fatal-error-handler.php:154
[18-Feb-2023 12:23:22 UTC] PHP   4. wp_die() C:\wamp64\www\ticket\wp-includes\class-wp-fatal-error-handler.php:239
[18-Feb-2023 12:23:22 UTC] PHP   5. _default_wp_die_handler() C:\wamp64\www\ticket\wp-includes\functions.php:3713
[18-Feb-2023 12:23:22 UTC] PHP   6. wp_robots() C:\wamp64\www\ticket\wp-includes\functions.php:3789
[18-Feb-2023 12:23:22 UTC] PHP   7. apply_filters() C:\wamp64\www\ticket\wp-includes\robots-template.php:32
[18-Feb-2023 12:23:22 UTC] PHP   8. WP_Hook->apply_filters() C:\wamp64\www\ticket\wp-includes\plugin.php:205
[18-Feb-2023 12:23:22 UTC] PHP   9. wp_robots_noindex_embeds() C:\wamp64\www\ticket\wp-includes\class-wp-hook.php:308
[18-Feb-2023 12:23:22 UTC] PHP  10. is_embed() C:\wamp64\www\ticket\wp-includes\robots-template.php:93
[18-Feb-2023 12:23:22 UTC] PHP  11. _doing_it_wrong() C:\wamp64\www\ticket\wp-includes\query.php:881
[18-Feb-2023 12:23:22 UTC] PHP  12. trigger_error() C:\wamp64\www\ticket\wp-includes\functions.php:5835
[18-Feb-2023 12:23:22 UTC] PHP Notice:  Function is_search was called <strong>incorrectly</strong>. Conditional query tags do not work before the query is run. Before then, they always return false. Please see <a href="https://wordpress.org/support/article/debugging-in-wordpress/">Debugging in WordPress</a> for more information. (This message was added in version 3.1.0.) in C:\wamp64\www\ticket\wp-includes\functions.php on line 5835
[18-Feb-2023 12:23:22 UTC] PHP Stack trace:
[18-Feb-2023 12:23:22 UTC] PHP   1. WP_Fatal_Error_Handler->handle() C:\wamp64\www\ticket\wp-includes\class-wp-fatal-error-handler.php:0
[18-Feb-2023 12:23:22 UTC] PHP   2. WP_Fatal_Error_Handler->display_error_template() C:\wamp64\www\ticket\wp-includes\class-wp-fatal-error-handler.php:58
[18-Feb-2023 12:23:22 UTC] PHP   3. WP_Fatal_Error_Handler->display_default_error_template() C:\wamp64\www\ticket\wp-includes\class-wp-fatal-error-handler.php:154
[18-Feb-2023 12:23:22 UTC] PHP   4. wp_die() C:\wamp64\www\ticket\wp-includes\class-wp-fatal-error-handler.php:239
[18-Feb-2023 12:23:22 UTC] PHP   5. _default_wp_die_handler() C:\wamp64\www\ticket\wp-includes\functions.php:3713
[18-Feb-2023 12:23:22 UTC] PHP   6. wp_robots() C:\wamp64\www\ticket\wp-includes\functions.php:3789
[18-Feb-2023 12:23:22 UTC] PHP   7. apply_filters() C:\wamp64\www\ticket\wp-includes\robots-template.php:32
[18-Feb-2023 12:23:22 UTC] PHP   8. WP_Hook->apply_filters() C:\wamp64\www\ticket\wp-includes\plugin.php:205
[18-Feb-2023 12:23:22 UTC] PHP   9. wp_robots_noindex_search() C:\wamp64\www\ticket\wp-includes\class-wp-hook.php:308
[18-Feb-2023 12:23:22 UTC] PHP  10. is_search() C:\wamp64\www\ticket\wp-includes\robots-template.php:119
[18-Feb-2023 12:23:22 UTC] PHP  11. _doing_it_wrong() C:\wamp64\www\ticket\wp-includes\query.php:699
[18-Feb-2023 12:23:22 UTC] PHP  12. trigger_error() C:\wamp64\www\ticket\wp-includes\functions.php:5835
[18-Feb-2023 12:23:22 UTC] PHP Fatal error:  Uncaught Error: Call to undefined function LvhAtiySis\write_log() in C:\wamp64\www\ticket\wp-content\plugins\lvh-atiy-sis\lvh-atiy-sis.php:43
Stack trace:
#0 C:\wamp64\www\ticket\wp-settings.php(447): include_once()
#1 C:\wamp64\www\ticket\wp-config.php(99): require_once('C:\\wamp64\\www\\t...')
#2 C:\wamp64\www\ticket\wp-load.php(50): require_once('C:\\wamp64\\www\\t...')
#3 C:\wamp64\www\ticket\wp-blog-header.php(13): require_once('C:\\wamp64\\www\\t...')
#4 C:\wamp64\www\ticket\index.php(17): require('C:\\wamp64\\www\\t...')
#5 {main}
  thrown in C:\wamp64\www\ticket\wp-content\plugins\lvh-atiy-sis\lvh-atiy-sis.php on line 43
[18-Feb-2023 12:23:22 UTC] PHP Notice:  Function is_embed was called <strong>incorrectly</strong>. Conditional query tags do not work before the query is run. Before then, they always return false. Please see <a href="https://wordpress.org/support/article/debugging-in-wordpress/">Debugging in WordPress</a> for more information. (This message was added in version 3.1.0.) in C:\wamp64\www\ticket\wp-includes\functions.php on line 5835
[18-Feb-2023 12:23:22 UTC] PHP Stack trace:
[18-Feb-2023 12:23:22 UTC] PHP   1. WP_Fatal_Error_Handler->handle() C:\wamp64\www\ticket\wp-includes\class-wp-fatal-error-handler.php:0
[18-Feb-2023 12:23:22 UTC] PHP   2. WP_Fatal_Error_Handler->display_error_template() C:\wamp64\www\ticket\wp-includes\class-wp-fatal-error-handler.php:58
[18-Feb-2023 12:23:22 UTC] PHP   3. WP_Fatal_Error_Handler->display_default_error_template() C:\wamp64\www\ticket\wp-includes\class-wp-fatal-error-handler.php:154
[18-Feb-2023 12:23:22 UTC] PHP   4. wp_die() C:\wamp64\www\ticket\wp-includes\class-wp-fatal-error-handler.php:239
[18-Feb-2023 12:23:22 UTC] PHP   5. _default_wp_die_handler() C:\wamp64\www\ticket\wp-includes\functions.php:3713
[18-Feb-2023 12:23:22 UTC] PHP   6. wp_robots() C:\wamp64\www\ticket\wp-includes\functions.php:3789
[18-Feb-2023 12:23:22 UTC] PHP   7. apply_filters() C:\wamp64\www\ticket\wp-includes\robots-template.php:32
[18-Feb-2023 12:23:22 UTC] PHP   8. WP_Hook->apply_filters() C:\wamp64\www\ticket\wp-includes\plugin.php:205
[18-Feb-2023 12:23:22 UTC] PHP   9. wp_robots_noindex_embeds() C:\wamp64\www\ticket\wp-includes\class-wp-hook.php:308
[18-Feb-2023 12:23:22 UTC] PHP  10. is_embed() C:\wamp64\www\ticket\wp-includes\robots-template.php:93
[18-Feb-2023 12:23:22 UTC] PHP  11. _doing_it_wrong() C:\wamp64\www\ticket\wp-includes\query.php:881
[18-Feb-2023 12:23:22 UTC] PHP  12. trigger_error() C:\wamp64\www\ticket\wp-includes\functions.php:5835
[18-Feb-2023 12:23:22 UTC] PHP Notice:  Function is_search was called <strong>incorrectly</strong>. Conditional query tags do not work before the query is run. Before then, they always return false. Please see <a href="https://wordpress.org/support/article/debugging-in-wordpress/">Debugging in WordPress</a> for more information. (This message was added in version 3.1.0.) in C:\wamp64\www\ticket\wp-includes\functions.php on line 5835
[18-Feb-2023 12:23:22 UTC] PHP Stack trace:
[18-Feb-2023 12:23:22 UTC] PHP   1. WP_Fatal_Error_Handler->handle() C:\wamp64\www\ticket\wp-includes\class-wp-fatal-error-handler.php:0
[18-Feb-2023 12:23:22 UTC] PHP   2. WP_Fatal_Error_Handler->display_error_template() C:\wamp64\www\ticket\wp-includes\class-wp-fatal-error-handler.php:58
[18-Feb-2023 12:23:22 UTC] PHP   3. WP_Fatal_Error_Handler->display_default_error_template() C:\wamp64\www\ticket\wp-includes\class-wp-fatal-error-handler.php:154
[18-Feb-2023 12:23:22 UTC] PHP   4. wp_die() C:\wamp64\www\ticket\wp-includes\class-wp-fatal-error-handler.php:239
[18-Feb-2023 12:23:22 UTC] PHP   5. _default_wp_die_handler() C:\wamp64\www\ticket\wp-includes\functions.php:3713
[18-Feb-2023 12:23:22 UTC] PHP   6. wp_robots() C:\wamp64\www\ticket\wp-includes\functions.php:3789
[18-Feb-2023 12:23:22 UTC] PHP   7. apply_filters() C:\wamp64\www\ticket\wp-includes\robots-template.php:32
[18-Feb-2023 12:23:22 UTC] PHP   8. WP_Hook->apply_filters() C:\wamp64\www\ticket\wp-includes\plugin.php:205
[18-Feb-2023 12:23:22 UTC] PHP   9. wp_robots_noindex_search() C:\wamp64\www\ticket\wp-includes\class-wp-hook.php:308
[18-Feb-2023 12:23:22 UTC] PHP  10. is_search() C:\wamp64\www\ticket\wp-includes\robots-template.php:119
[18-Feb-2023 12:23:22 UTC] PHP  11. _doing_it_wrong() C:\wamp64\www\ticket\wp-includes\query.php:699
[18-Feb-2023 12:23:22 UTC] PHP  12. trigger_error() C:\wamp64\www\ticket\wp-includes\functions.php:5835
[18-Feb-2023 12:23:34 UTC] PHP Fatal error:  Uncaught Error: Call to undefined function LvhAtiySis\write_log() in C:\wamp64\www\ticket\wp-content\plugins\lvh-atiy-sis\lvh-atiy-sis.php:43
Stack trace:
#0 C:\wamp64\www\ticket\wp-settings.php(447): include_once()
#1 C:\wamp64\www\ticket\wp-config.php(99): require_once('C:\\wamp64\\www\\t...')
#2 C:\wamp64\www\ticket\wp-load.php(50): require_once('C:\\wamp64\\www\\t...')
#3 C:\wamp64\www\ticket\wp-admin\admin-ajax.php(22): require_once('C:\\wamp64\\www\\t...')
#4 {main}
  thrown in C:\wamp64\www\ticket\wp-content\plugins\lvh-atiy-sis\lvh-atiy-sis.php on line 43
[18-Feb-2023 12:23:43 UTC] 
[18-Feb-2023 12:23:43 UTC] Template
[18-Feb-2023 12:23:45 UTC] 
[18-Feb-2023 12:23:45 UTC] Template
[18-Feb-2023 20:16:12 UTC] 
[18-Feb-2023 20:16:12 UTC] Template
[18-Feb-2023 20:55:41 UTC] The world as we have created it is a process of our thinking. It cannot be changed without changing our thinking.”
[18-Feb-2023 20:56:02 UTC] The world as we have created it is a process of our thinking. It cannot be changed without changing our thinking.”
[18-Feb-2023 21:03:57 UTC] The world as we have created it is a process of our thinking. It cannot be changed without changing our thinking.”
[18-Feb-2023 21:03:57 UTC] ************total*************
[18-Feb-2023 21:03:57 UTC] span class="text" itemprop="text">“The world as we have created it is a process of our thinking. It cannot be changed without changing our thinking.”
